<?xml version="1.0" encoding="UTF-8"?>
<!-- Generated by org.testng.reporters.JUnitReportReporter -->
<testsuite skipped="0" hostname="DESKTOP-5RAOCDA" name="com.restapi.Verify_GETRequest" tests="1" failures="0" timestamp="07 Sep 2020 05:27:54 GMT" time="3.128" errors="0">
  <testcase name="getspaceXDetails" time="3.128" classname="com.restapi.Verify_GETRequest"/>
</testsuite> <!-- com.restapi.Verify_GETRequest -->
